2022-01-06 18:49:37,894 DEBUG    root            Loaded Command Group: ['gcloud', 'init']
2022-01-06 18:49:37,895 DEBUG    root            Running [gcloud.init] with arguments: []
2022-01-06 18:49:37,895 INFO     ___FILE_ONLY___ Welcome! This command will take you through the configuration of gcloud.


2022-01-06 18:49:37,896 INFO     ___FILE_ONLY___ Settings from your current configuration [default] are:

2022-01-06 18:49:37,897 INFO     ___FILE_ONLY___ core:
  account: rhegde.hrahul@gmail.com
  disable_usage_reporting: 'True'

2022-01-06 18:49:37,897 INFO     ___FILE_ONLY___ 

2022-01-06 18:49:50,582 INFO     ___FILE_ONLY___ Your current configuration has been set to: [default]


2022-01-06 18:49:50,582 INFO     ___FILE_ONLY___ You can skip diagnostics next time by using the following flag:

2022-01-06 18:49:50,582 INFO     ___FILE_ONLY___   gcloud init --skip-diagnostics


2022-01-06 18:49:50,582 INFO     ___FILE_ONLY___ Network diagnostic detects and fixes local network connection issues.

2022-01-06 18:49:50,583 INFO     ___FILE_ONLY___ Checking network connection...
2022-01-06 18:49:52,724 DEBUG    urllib3.connectionpool Starting new HTTPS connection (1): accounts.google.com:443
2022-01-06 18:49:52,943 DEBUG    urllib3.connectionpool https://accounts.google.com:443 "GET / HTTP/1.1" 302 338
2022-01-06 18:49:53,032 DEBUG    urllib3.connectionpool https://accounts.google.com:443 "GET /ServiceLogin?passive=1209600&continue=https%3A%2F%2Faccounts.google.com%2F&followup=https%3A%2F%2Faccounts.google.com%2F HTTP/1.1" 200 None
2022-01-06 18:49:53,069 DEBUG    urllib3.connectionpool Starting new HTTPS connection (1): cloudresourcemanager.googleapis.com:443
2022-01-06 18:49:53,246 DEBUG    urllib3.connectionpool https://cloudresourcemanager.googleapis.com:443 "GET /v1beta1/projects HTTP/1.1" 401 None
2022-01-06 18:49:53,255 DEBUG    urllib3.connectionpool Starting new HTTPS connection (1): www.googleapis.com:443
2022-01-06 18:49:53,464 DEBUG    urllib3.connectionpool https://www.googleapis.com:443 "GET /auth/cloud-platform HTTP/1.1" 200 14
2022-01-06 18:49:53,472 DEBUG    urllib3.connectionpool Starting new HTTPS connection (1): dl.google.com:443
2022-01-06 18:49:53,686 DEBUG    urllib3.connectionpool https://dl.google.com:443 "GET /dl/cloudsdk/channels/rapid/components-2.json HTTP/1.1" 200 176227
2022-01-06 18:49:53,846 INFO     ___FILE_ONLY___ Reachability Check passed.

2022-01-06 18:49:53,847 INFO     ___FILE_ONLY___ Network diagnostic passed (1/1 checks passed).


2022-01-06 18:50:00,172 INFO     ___FILE_ONLY___ You are logged in as: [rhegde.hrahul@gmail.com].


2022-01-06 18:50:00,200 DEBUG    urllib3.connectionpool Starting new HTTPS connection (1): cloudresourcemanager.googleapis.com:443
2022-01-06 18:50:00,594 DEBUG    urllib3.connectionpool https://cloudresourcemanager.googleapis.com:443 "GET /v1/projects?alt=json&filter=lifecycleState%3AACTIVE&pageSize=201 HTTP/1.1" 200 None
2022-01-07 12:38:25,762 INFO     root            Display format: "default"
