2022-01-06 18:48:32,833 DEBUG    root            Loaded Command Group: ['gcloud', 'auth']
2022-01-06 18:48:32,877 DEBUG    root            Loaded Command Group: ['gcloud', 'auth', 'login']
2022-01-06 18:48:32,878 DEBUG    root            Running [gcloud.auth.login] with arguments: []
2022-01-06 18:48:32,883 DEBUG    requests_oauthlib.oauth2_session Generated new state jTUHYwFkhXoBQuR1rzd9GASiidBOM5.
2022-01-06 18:48:32,995 INFO     ___FILE_ONLY___ Your browser has been opened to visit:

    https://accounts.google.com/o/oauth2/auth?response_type=code&client_id=32555940559.apps.googleusercontent.com&redirect_uri=http%3A%2F%2Flocalhost%3A8085%2F&scope=openid+https%3A%2F%2Fwww.googleapis.com%2Fauth%2Fuserinfo.email+https%3A%2F%2Fwww.googleapis.com%2Fauth%2Fcloud-platform+https%3A%2F%2Fwww.googleapis.com%2Fauth%2Fappengine.admin+https%3A%2F%2Fwww.googleapis.com%2Fauth%2Fcompute+https%3A%2F%2Fwww.googleapis.com%2Fauth%2Faccounts.reauth&state=jTUHYwFkhXoBQuR1rzd9GASiidBOM5&access_type=offline&code_challenge=LeDFrMRzQUQUFmanUKQHSyjDJ6ZFAF6ChoSWmJ6RyNg&code_challenge_method=S256


2022-01-06 18:48:40,627 INFO     google_auth_oauthlib.flow "GET /?state=jTUHYwFkhXoBQuR1rzd9GASiidBOM5&code=4/0AX4XfWhASDjmrFDVke0xH5p028QoVq5OSZsLEtdA0e9dyt2kmO8_oZdVbsrFBJAnDuOMHg&scope=email%20openid%20https://www.googleapis.com/auth/userinfo.email%20https://www.googleapis.com/auth/cloud-platform%20https://www.googleapis.com/auth/appengine.admin%20https://www.googleapis.com/auth/compute%20https://www.googleapis.com/auth/accounts.reauth&authuser=0&prompt=consent HTTP/1.1" 200 959
2022-01-06 18:48:40,628 DEBUG    requests_oauthlib.oauth2_session Requesting url https://oauth2.googleapis.com/token using method POST.
2022-01-06 18:48:40,628 DEBUG    requests_oauthlib.oauth2_session Supplying headers {b'Accept': b'application/json', b'Content-Type': b'application/x-www-form-urlencoded;charset=UTF-8', b'user-agent': b'google-cloud-sdk gcloud/367.0.0 command/gcloud.auth.login invocation-id/11c9dc079b6d418c90a9d4d3a02a1a57 environment/None environment-version/None interactive/True from-script/False python/3.10.0 term/xterm-256color (Macintosh; Intel Mac OS X 21.2.0)'} and data {'grant_type': 'authorization_code', 'client_id': '32555940559.apps.googleusercontent.com', 'client_secret': 'ZmssLNjJy2998hD4CTg2ejr2', 'code': '4/0AX4XfWhASDjmrFDVke0xH5p028QoVq5OSZsLEtdA0e9dyt2kmO8_oZdVbsrFBJAnDuOMHg', 'redirect_uri': 'http://localhost:8085/', 'code_verifier': '.yP17KKFRp06JIfJhcDGqu.sa-WPO8de89JejQvAXEMMvKdBv7NaFwGadDUmWzG3F_B37wlD6e-5ewAhvGrW3KPE1nKKRRt_Bne7-VdNl6X17~D-aflhTBVBONpu4BQk'}
2022-01-06 18:48:40,629 DEBUG    requests_oauthlib.oauth2_session Passing through key word arguments {'json': None, 'timeout': None, 'auth': None, 'verify': None, 'proxies': None}.
2022-01-06 18:48:40,682 DEBUG    urllib3.connectionpool Starting new HTTPS connection (1): oauth2.googleapis.com:443
2022-01-06 18:48:40,955 DEBUG    urllib3.connectionpool https://oauth2.googleapis.com:443 "POST /token HTTP/1.1" 200 None
2022-01-06 18:48:40,957 DEBUG    requests_oauthlib.oauth2_session Prepared fetch token request body grant_type=authorization_code&client_id=32555940559.apps.googleusercontent.com&client_secret=ZmssLNjJy2998hD4CTg2ejr2&code=4%2F0AX4XfWhASDjmrFDVke0xH5p028QoVq5OSZsLEtdA0e9dyt2kmO8_oZdVbsrFBJAnDuOMHg&redirect_uri=http%3A%2F%2Flocalhost%3A8085%2F&code_verifier=.yP17KKFRp06JIfJhcDGqu.sa-WPO8de89JejQvAXEMMvKdBv7NaFwGadDUmWzG3F_B37wlD6e-5ewAhvGrW3KPE1nKKRRt_Bne7-VdNl6X17~D-aflhTBVBONpu4BQk
2022-01-06 18:48:40,958 DEBUG    requests_oauthlib.oauth2_session Request to fetch token completed with status 200.
2022-01-06 18:48:40,959 DEBUG    requests_oauthlib.oauth2_session Request headers were {'user-agent': b'google-cloud-sdk gcloud/367.0.0 command/gcloud.auth.login invocation-id/11c9dc079b6d418c90a9d4d3a02a1a57 environment/None environment-version/None interactive/True from-script/False python/3.10.0 term/xterm-256color (Macintosh; Intel Mac OS X 21.2.0)', 'Accept-Encoding': 'gzip, deflate', 'Accept': b'application/json', 'Connection': 'keep-alive', 'Content-Type': b'application/x-www-form-urlencoded;charset=UTF-8', 'Content-Length': '387'}
2022-01-06 18:48:40,959 DEBUG    requests_oauthlib.oauth2_session Request body was grant_type=authorization_code&client_id=32555940559.apps.googleusercontent.com&client_secret=ZmssLNjJy2998hD4CTg2ejr2&code=4%2F0AX4XfWhASDjmrFDVke0xH5p028QoVq5OSZsLEtdA0e9dyt2kmO8_oZdVbsrFBJAnDuOMHg&redirect_uri=http%3A%2F%2Flocalhost%3A8085%2F&code_verifier=.yP17KKFRp06JIfJhcDGqu.sa-WPO8de89JejQvAXEMMvKdBv7NaFwGadDUmWzG3F_B37wlD6e-5ewAhvGrW3KPE1nKKRRt_Bne7-VdNl6X17~D-aflhTBVBONpu4BQk
2022-01-06 18:48:40,959 DEBUG    requests_oauthlib.oauth2_session Response headers were {'Date': 'Thu, 06 Jan 2022 23:48:41 GMT', 'Cache-Control': 'no-cache, no-store, max-age=0, must-revalidate', 'Expires': 'Mon, 01 Jan 1990 00:00:00 GMT', 'Pragma': 'no-cache', 'Content-Type': 'application/json; charset=utf-8', 'Vary': 'Origin, X-Origin, Referer', 'Content-Encoding': 'gzip', 'Server': 'scaffolding on HTTPServer2', 'X-XSS-Protection': '0', 'X-Frame-Options': 'SAMEORIGIN', 'X-Content-Type-Options': 'nosniff', 'Alt-Svc': 'h3=":443"; ma=2592000,h3-29=":443"; ma=2592000,h3-Q050=":443"; ma=2592000,h3-Q046=":443"; ma=2592000,h3-Q043=":443"; ma=2592000,quic=":443"; ma=2592000; v="46,43"', 'Transfer-Encoding': 'chunked'} and content {
  "access_token": "ya29.a0ARrdaM9ArBcYlmi1vcUI6p2UjMvvjQ0lW3XPSyuD6-Y2vjY3hzAM6SmAH9yJX8rB3ZS0kXk-ZlnosYCV7_j9nUvpVoygBnQkPfWtLtph-IdqIC2whP1ZswQTqkCYOXo9Tds0lT5vqlnncNI9Lw8AkYg3wnRY_50n9w9Z",
  "expires_in": 3599,
  "refresh_token": "1//0dpbOusTv4iPVCgYIARAAGA0SNwF-L9IrRAsVcNEvOeNl2L5BKJOTAGmrsTHqc6HSu2OT8W12azP9EUtfyfc73rv7QAHscpSW0i0",
  "scope": "https://www.googleapis.com/auth/userinfo.email https://www.googleapis.com/auth/compute openid https://www.googleapis.com/auth/cloud-platform https://www.googleapis.com/auth/accounts.reauth https://www.googleapis.com/auth/appengine.admin",
  "token_type": "Bearer",
  "id_token": "eyJhbGciOiJSUzI1NiIsImtpZCI6ImQwMWMxYWJlMjQ5MjY5ZjcyZWY3Y2EyNjEzYTg2YzlmMDVlNTk1NjciLCJ0eXAiOiJKV1QifQ.eyJpc3MiOiJodHRwczovL2FjY291bnRzLmdvb2dsZS5jb20iLCJhenAiOiIzMjU1NTk0MDU1OS5hcHBzLmdvb2dsZXVzZXJjb250ZW50LmNvbSIsImF1ZCI6IjMyNTU1OTQwNTU5LmFwcHMuZ29vZ2xldXNlcmNvbnRlbnQuY29tIiwic3ViIjoiMTE3ODMyNTM0ODAyMDQwNDc1MDQ2IiwiZW1haWwiOiJyaGVnZGUuaHJhaHVsQGdtYWlsLmNvbSIsImVtYWlsX3ZlcmlmaWVkIjp0cnVlLCJhdF9oYXNoIjoidWxiN3dNRDZKZHJ3NDFVeXFTNFk5QSIsImlhdCI6MTY0MTUxMjkyMSwiZXhwIjoxNjQxNTE2NTIxfQ.xeppH3WZOB7yrRqn4_3ckj3ryqRx0ZDl7CkzUgWv6eluyLqfpl3DznRZBjrXzyjHHvHxg-z6lgmkVKWHoS5n48Svn4sFPm2_K5wXVZhZdYK_V8QGvf7YF6DEXf1qARoLKISng9ZbS0nl-uZK0cMPEoyE9q2WCInJey89hXqXsTvm25YEnE9forzbUF89K5nk08y0vDKTYswAwvy6TwatbLaR1MbRkEDW1DHN20OkdMXT-xKCcg2LbX98dnII6Cr70VO0HEBXCaVrDgwmmWA0rdpdmFpi_b72kQhWoDVf0l4KtkFbskRSh2G2hLRChXFv_kOivW6CmpsTLjJfcRqpGA"
}.
2022-01-06 18:48:40,959 DEBUG    requests_oauthlib.oauth2_session Invoking 0 token response hooks.
2022-01-06 18:48:40,960 DEBUG    requests_oauthlib.oauth2_session Obtained token {'access_token': 'ya29.a0ARrdaM9ArBcYlmi1vcUI6p2UjMvvjQ0lW3XPSyuD6-Y2vjY3hzAM6SmAH9yJX8rB3ZS0kXk-ZlnosYCV7_j9nUvpVoygBnQkPfWtLtph-IdqIC2whP1ZswQTqkCYOXo9Tds0lT5vqlnncNI9Lw8AkYg3wnRY_50n9w9Z', 'expires_in': 3599, 'refresh_token': '1//0dpbOusTv4iPVCgYIARAAGA0SNwF-L9IrRAsVcNEvOeNl2L5BKJOTAGmrsTHqc6HSu2OT8W12azP9EUtfyfc73rv7QAHscpSW0i0', 'scope': ['https://www.googleapis.com/auth/userinfo.email', 'https://www.googleapis.com/auth/compute', 'openid', 'https://www.googleapis.com/auth/cloud-platform', 'https://www.googleapis.com/auth/accounts.reauth', 'https://www.googleapis.com/auth/appengine.admin'], 'token_type': 'Bearer', 'id_token': 'eyJhbGciOiJSUzI1NiIsImtpZCI6ImQwMWMxYWJlMjQ5MjY5ZjcyZWY3Y2EyNjEzYTg2YzlmMDVlNTk1NjciLCJ0eXAiOiJKV1QifQ.eyJpc3MiOiJodHRwczovL2FjY291bnRzLmdvb2dsZS5jb20iLCJhenAiOiIzMjU1NTk0MDU1OS5hcHBzLmdvb2dsZXVzZXJjb250ZW50LmNvbSIsImF1ZCI6IjMyNTU1OTQwNTU5LmFwcHMuZ29vZ2xldXNlcmNvbnRlbnQuY29tIiwic3ViIjoiMTE3ODMyNTM0ODAyMDQwNDc1MDQ2IiwiZW1haWwiOiJyaGVnZGUuaHJhaHVsQGdtYWlsLmNvbSIsImVtYWlsX3ZlcmlmaWVkIjp0cnVlLCJhdF9oYXNoIjoidWxiN3dNRDZKZHJ3NDFVeXFTNFk5QSIsImlhdCI6MTY0MTUxMjkyMSwiZXhwIjoxNjQxNTE2NTIxfQ.xeppH3WZOB7yrRqn4_3ckj3ryqRx0ZDl7CkzUgWv6eluyLqfpl3DznRZBjrXzyjHHvHxg-z6lgmkVKWHoS5n48Svn4sFPm2_K5wXVZhZdYK_V8QGvf7YF6DEXf1qARoLKISng9ZbS0nl-uZK0cMPEoyE9q2WCInJey89hXqXsTvm25YEnE9forzbUF89K5nk08y0vDKTYswAwvy6TwatbLaR1MbRkEDW1DHN20OkdMXT-xKCcg2LbX98dnII6Cr70VO0HEBXCaVrDgwmmWA0rdpdmFpi_b72kQhWoDVf0l4KtkFbskRSh2G2hLRChXFv_kOivW6CmpsTLjJfcRqpGA', 'expires_at': 1641516519.960105}.
2022-01-06 18:48:40,978 INFO     ___FILE_ONLY___ 
You are now logged in as [rhegde.hrahul@gmail.com].
Your current project is [None].  You can change this setting by running:
  $ gcloud config set project PROJECT_ID

2022-01-06 18:48:40,979 INFO     root            Display format: "none"
